[homer.sii.cl/index.html]
[backblue.gif]
[fade.gif]
[index.html]
[homer.sii.cl/responsive/images/logo.jpg]
[homer.sii.cl/img/carrusel_132_58E49.jpg]
[homer.sii.cl/img/carrusel_1_7FC4D.jpg]
[homer.sii.cl/img/carrusel_1_48F6E.jpg]
[homer.sii.cl/img/carrusel_1_7F764.jpg]
[homer.sii.cl/img/novedades_B53FA.png]
[homer.sii.cl/img/bannercumplimiento.png]
[homer.sii.cl/img/destacados_5583C.png]
[homer.sii.cl/img/destacados_2CEF4.jpg]
[homer.sii.cl/img/destacados_DE8D0.png]
[homer.sii.cl/img/destacados_B8570.jpg]
[homer.sii.cl/img/destacados_71206.png]
[homer.sii.cl/img/destacados_E4E64.jpg]
[homer.sii.cl/img/240425noti01pcr_ab962.jpg]
[homer.sii.cl/img/carrusel_bttm_E7623.jpg]
[homer.sii.cl/img/banner_gob_transparente.gif]
[homer.sii.cl/img/tranparencia_solicitud_infor.jpg]
[homer.sii.cl/img/carrusel_bttm_F3868.jpg]
[homer.sii.cl/img/carrusel_bttm_77E63.jpg]
[homer.sii.cl/img/carrusel_bttm_E9994.png]
[homer.sii.cl/img/bnr_cotizaciones_honorarios.jpg]
[homer.sii.cl/img/carrusel_bttm_33633.jpg]
[homer.sii.cl/responsive/js/h_general.js]
[homer.sii.cl/responsive/js/h_functions.js]
[assets.adobedtm.com/launch-EN2b1e36bbb6d548dfa15c1b55cb71b120.min.js]
[homer.sii.cl/index.html]
[homer.sii.cl/responsive/fonts/glyphicons-halflings-regular.eot]
[homer.sii.cl/responsive/fonts/glyphicons-halflings-regulard41d.eot]
[homer.sii.cl/responsive/fonts/glyphicons-halflings-regular.woff]
[homer.sii.cl/responsive/fonts/glyphicons-halflings-regular.ttf]
[homer.sii.cl/responsive/fonts/fontawesome-webfont5b62.eot]
[homer.sii.cl/responsive/fonts/fontawesome-webfontd41d.eot]
[homer.sii.cl/responsive/fonts/fontawesome-webfont5b62.woff]
[homer.sii.cl/responsive/fonts/fontawesome-webfont5b62.ttf]
[homer.sii.cl/responsive/css/h_general.min.css]
[homer.sii.cl/responsive/images/carrusel.jpg]
[zeus.sii.cl/admin/responsive/images/bienvenida.jpg]
[homer.sii.cl/responsive/images/search.png]
[homer.sii.cl/responsive/css/h_estilos.css]
[homer.sii.cl/1943-4661.html]
[assets.adobedtm.com/launch-EN2b1e36bbb6d548dfa15c1b55cb71b120.min.js]
[homer.sii.cl/responsive/fonts/glyphicons-halflings-regular.html]
[homer.sii.cl/responsive/fonts/glyphicons-halflings-regular.svg]
[homer.sii.cl/responsive/fonts/fontawesome-webfont5b62.html]
[homer.sii.cl/responsive/fonts/fontawesome-webfont5b62.svg]
[homer.sii.cl/responsive/images/ayuda-home.html]
[homer.sii.cl/get.html]
[homer.sii.cl/AppMeasurement_Module_AudienceManagement.html]
[homer.sii.cl/AppMeasurement.html]
